2021-11-04 17:24:54.417 [] [main] [] INFO  zzgeek.ZzGeekBoot:? - No active profile set, falling back to default profiles: default
2021-11-04 17:24:55.491 [] [main] [] INFO  org.apache.coyote.http11.Http11NioProtocol:? - Initializing ProtocolHandler ["http-nio-9000"]
2021-11-04 17:24:55.497 [] [main] [] INFO  org.apache.catalina.core.StandardService:? - Starting service [Tomcat]
2021-11-04 17:24:55.497 [] [main] [] INFO  org.apache.catalina.core.StandardEngine:? - Starting Servlet engine: [Apache Tomcat/9.0.16]
2021-11-04 17:24:55.502 [] [main] [] INFO  org.apache.catalina.core.AprLifecycleListener:? - The APR based Apache Tomcat Native library which allows optimal performance in production environments was not found on the java.library.path: [D:\program\jdk8\bin;C:\Windows\Sun\Java\bin;C:\Windows\system32;C:\Windows;C:\Program Files (x86)\Common Files\Intel\Shared Libraries\redist\intel64\compiler;C:\Windows\system32;C:\Windows;C:\Windows\System32\Wbem;C:\Windows\System32\WindowsPowerShell\v1.0\;C:\Windows\System32\OpenSSH\;D:\program\jdk8\bin;C:\Program Files (x86)\dotnet\;D:\program\git\Git\cmd;D:\program\yarn\bin\;D:\program\python3.10;D:\program\nodejs\;C:\ProgramData\chocolatey\bin;C:\Users\mark\AppData\Local\Microsoft\WindowsApps;D:\program\maven\bin;C:\Users\mark\AppData\Local\Yarn\bin;C:\Users\mark\AppData\Roaming\npm;.]
2021-11-04 17:24:55.588 [] [main] [] INFO  org.apache.catalina.core.ContainerBase.[Tomcat].[localhost].[/]:? - Initializing Spring embedded WebApplicationContext
2021-11-04 17:24:55.993 [] [main] [] INFO  org.mongodb.driver.cluster:? - Cluster created with settings {hosts=[192.168.127.128:27017], mode=SINGLE, requiredClusterType=UNKNOWN, serverSelectionTimeout='30000 ms', maxWaitQueueSize=500}
2021-11-04 17:24:56.060 [] [cluster-ClusterId{value='6183a6e72267e52f3cd1c359', description='null'}-192.168.127.128:27017] [] INFO  org.mongodb.driver.connection:? - Opened connection [connectionId{localValue:1, serverValue:1}] to 192.168.127.128:27017
2021-11-04 17:24:56.063 [] [cluster-ClusterId{value='6183a6e72267e52f3cd1c359', description='null'}-192.168.127.128:27017] [] INFO  org.mongodb.driver.cluster:? - Monitor thread successfully connected to server with description ServerDescription{address=192.168.127.128:27017, type=STANDALONE, state=CONNECTED, ok=true, version=ServerVersion{versionList=[4, 4, 5]}, minWireVersion=0, maxWireVersion=9, maxDocumentSize=16777216, logicalSessionTimeoutMinutes=30, roundTripTimeNanos=2194800}
2021-11-04 17:24:56.550 [] [main] [] INFO  org.hibernate.jpa.internal.util.LogHelper:? - HHH000204: Processing PersistenceUnitInfo [
	name: default
	...]
2021-11-04 17:24:56.610 [] [main] [] INFO  org.hibernate.Version:? - HHH000412: Hibernate Core {5.3.7.Final}
2021-11-04 17:24:56.611 [] [main] [] INFO  org.hibernate.cfg.Environment:? - HHH000206: hibernate.properties not found
2021-11-04 17:24:56.732 [] [main] [] INFO  org.hibernate.annotations.common.Version:? - HCANN000001: Hibernate Commons Annotations {5.0.4.Final}
2021-11-04 17:24:56.865 [] [main] [] INFO  org.hibernate.dialect.Dialect:? - HHH000400: Using dialect: org.hibernate.dialect.MySQLDialect
2021-11-04 17:24:59.003 [] [main] [] INFO  org.apache.coyote.http11.Http11NioProtocol:? - Starting ProtocolHandler ["http-nio-9000"]
2021-11-04 17:24:59.014 [] [main] [] ERROR org.apache.catalina.util.LifecycleBase:? - Failed to start component [Connector[HTTP/1.1-9000]]
org.apache.catalina.LifecycleException: Protocol handler start failed
	at org.apache.catalina.connector.Connector.startInternal(Connector.java:1008)
	at org.apache.catalina.util.LifecycleBase.start(LifecycleBase.java:183)
	at org.apache.catalina.core.StandardService.addConnector(StandardService.java:226)
	at org.springframework.boot.web.embedded.tomcat.TomcatWebServer.addPreviouslyRemovedConnectors(TomcatWebServer.java:259)
	at org.springframework.boot.web.embedded.tomcat.TomcatWebServer.start(TomcatWebServer.java:197)
	at org.springframework.boot.web.servlet.context.ServletWebServerApplicationContext.startWebServer(ServletWebServerApplicationContext.java:311)
	at org.springframework.boot.web.servlet.context.ServletWebServerApplicationContext.finishRefresh(ServletWebServerApplicationContext.java:164)
	at org.springframework.context.support.AbstractApplicationContext.refresh(AbstractApplicationContext.java:552)
	at org.springframework.boot.web.servlet.context.ServletWebServerApplicationContext.refresh(ServletWebServerApplicationContext.java:142)
	at org.springframework.boot.SpringApplication.refresh(SpringApplication.java:775)
	at org.springframework.boot.SpringApplication.refreshContext(SpringApplication.java:397)
	at org.springframework.boot.SpringApplication.run(SpringApplication.java:316)
	at org.springframework.boot.SpringApplication.run(SpringApplication.java:1260)
	at org.springframework.boot.SpringApplication.run(SpringApplication.java:1248)
	at zzgeek.ZzGeekBoot.main(ZzGeekBoot.java:15)
Caused by: java.net.BindException: Address already in use: bind
	at sun.nio.ch.Net.bind0(Native Method)
	at sun.nio.ch.Net.bind(Net.java:444)
	at sun.nio.ch.Net.bind(Net.java:436)
	at sun.nio.ch.ServerSocketChannelImpl.bind(ServerSocketChannelImpl.java:225)
	at sun.nio.ch.ServerSocketAdaptor.bind(ServerSocketAdaptor.java:74)
	at org.apache.tomcat.util.net.NioEndpoint.initServerSocket(NioEndpoint.java:236)
	at org.apache.tomcat.util.net.NioEndpoint.bind(NioEndpoint.java:210)
	at org.apache.tomcat.util.net.AbstractEndpoint.bindWithCleanup(AbstractEndpoint.java:1085)
	at org.apache.tomcat.util.net.AbstractEndpoint.start(AbstractEndpoint.java:1171)
	at org.apache.coyote.AbstractProtocol.start(AbstractProtocol.java:568)
	at org.apache.catalina.connector.Connector.startInternal(Connector.java:1005)
	... 14 common frames omitted
2021-11-04 17:24:59.018 [] [main] [] INFO  org.apache.coyote.http11.Http11NioProtocol:173 - Pausing ProtocolHandler ["http-nio-9000"]
2021-11-04 17:24:59.018 [] [main] [] INFO  org.apache.catalina.core.StandardService:? - Stopping service [Tomcat]
2021-11-04 17:24:59.020 [] [main] [] WARN  org.apache.catalina.loader.WebappClassLoaderBase:? - The web application [ROOT] appears to have started a thread named [cluster-ClusterId{value='6183a6e72267e52f3cd1c359', description='null'}-192.168.127.128:27017] but has failed to stop it. This is very likely to create a memory leak. Stack trace of thread:
 sun.misc.Unsafe.park(Native Method)
 java.util.concurrent.locks.LockSupport.parkNanos(LockSupport.java:215)
 java.util.concurrent.locks.AbstractQueuedSynchronizer$ConditionObject.awaitNanos(AbstractQueuedSynchronizer.java:2078)
 com.mongodb.internal.connection.DefaultServerMonitor$ServerMonitorRunnable.waitForSignalOrTimeout(DefaultServerMonitor.java:229)
 com.mongodb.internal.connection.DefaultServerMonitor$ServerMonitorRunnable.waitForNext(DefaultServerMonitor.java:210)
 com.mongodb.internal.connection.DefaultServerMonitor$ServerMonitorRunnable.run(DefaultServerMonitor.java:157)
 java.lang.Thread.run(Thread.java:748)
2021-11-04 17:24:59.021 [] [main] [] WARN  org.apache.catalina.loader.WebappClassLoaderBase:? - The web application [ROOT] appears to have started a thread named [CleanCursors-1-thread-1] but has failed to stop it. This is very likely to create a memory leak. Stack trace of thread:
 sun.misc.Unsafe.park(Native Method)
 java.util.concurrent.locks.LockSupport.parkNanos(LockSupport.java:215)
 java.util.concurrent.locks.AbstractQueuedSynchronizer$ConditionObject.awaitNanos(AbstractQueuedSynchronizer.java:2078)
 java.util.concurrent.ScheduledThreadPoolExecutor$DelayedWorkQueue.take(ScheduledThreadPoolExecutor.java:1093)
 java.util.concurrent.ScheduledThreadPoolExecutor$DelayedWorkQueue.take(ScheduledThreadPoolExecutor.java:809)
 java.util.concurrent.ThreadPoolExecutor.getTask(ThreadPoolExecutor.java:1074)
 java.util.concurrent.ThreadPoolExecutor.runWorker(ThreadPoolExecutor.java:1134)
 java.util.concurrent.ThreadPoolExecutor$Worker.run(ThreadPoolExecutor.java:624)
 java.lang.Thread.run(Thread.java:748)
2021-11-04 17:24:59.022 [] [main] [] INFO  org.apache.catalina.util.LifecycleBase:? - The stop() method was called on component [StandardServer[-1]] after stop() had already been called. The second call will be ignored.
2021-11-04 17:24:59.022 [] [main] [] INFO  org.apache.coyote.http11.Http11NioProtocol:? - Stopping ProtocolHandler ["http-nio-9000"]
2021-11-04 17:24:59.022 [] [main] [] INFO  org.apache.coyote.http11.Http11NioProtocol:? - Destroying ProtocolHandler ["http-nio-9000"]
2021-11-04 17:24:59.029 [] [main] [] ERROR org.springframework.boot.diagnostics.LoggingFailureAnalysisReporter:? - 

***************************
APPLICATION FAILED TO START
***************************

Description:

The Tomcat connector configured to listen on port 9000 failed to start. The port may already be in use or the connector may be misconfigured.

Action:

Verify the connector's configuration, identify and stop any process that's listening on port 9000, or configure this application to listen on another port.

2021-11-04 17:26:11.647 [] [main] [] INFO  zzgeek.ZzGeekBoot:? - No active profile set, falling back to default profiles: default
2021-11-04 17:26:12.612 [] [main] [] INFO  org.apache.coyote.http11.Http11NioProtocol:? - Initializing ProtocolHandler ["http-nio-9000"]
2021-11-04 17:26:12.618 [] [main] [] INFO  org.apache.catalina.core.StandardService:? - Starting service [Tomcat]
2021-11-04 17:26:12.618 [] [main] [] INFO  org.apache.catalina.core.StandardEngine:? - Starting Servlet engine: [Apache Tomcat/9.0.16]
2021-11-04 17:26:12.622 [] [main] [] INFO  org.apache.catalina.core.AprLifecycleListener:? - The APR based Apache Tomcat Native library which allows optimal performance in production environments was not found on the java.library.path: [D:\program\jdk8\bin;C:\Windows\Sun\Java\bin;C:\Windows\system32;C:\Windows;C:\Program Files (x86)\Common Files\Intel\Shared Libraries\redist\intel64\compiler;C:\Windows\system32;C:\Windows;C:\Windows\System32\Wbem;C:\Windows\System32\WindowsPowerShell\v1.0\;C:\Windows\System32\OpenSSH\;D:\program\jdk8\bin;C:\Program Files (x86)\dotnet\;D:\program\git\Git\cmd;D:\program\yarn\bin\;D:\program\python3.10;D:\program\nodejs\;C:\ProgramData\chocolatey\bin;C:\Users\mark\AppData\Local\Microsoft\WindowsApps;D:\program\maven\bin;C:\Users\mark\AppData\Local\Yarn\bin;C:\Users\mark\AppData\Roaming\npm;.]
2021-11-04 17:26:12.701 [] [main] [] INFO  org.apache.catalina.core.ContainerBase.[Tomcat].[localhost].[/]:? - Initializing Spring embedded WebApplicationContext
2021-11-04 17:26:13.058 [] [main] [] INFO  org.mongodb.driver.cluster:? - Cluster created with settings {hosts=[192.168.127.128:27017], mode=SINGLE, requiredClusterType=UNKNOWN, serverSelectionTimeout='30000 ms', maxWaitQueueSize=500}
2021-11-04 17:26:13.098 [] [cluster-ClusterId{value='6183a7352267e510180e8b0d', description='null'}-192.168.127.128:27017] [] INFO  org.mongodb.driver.connection:? - Opened connection [connectionId{localValue:1, serverValue:4}] to 192.168.127.128:27017
2021-11-04 17:26:13.101 [] [cluster-ClusterId{value='6183a7352267e510180e8b0d', description='null'}-192.168.127.128:27017] [] INFO  org.mongodb.driver.cluster:? - Monitor thread successfully connected to server with description ServerDescription{address=192.168.127.128:27017, type=STANDALONE, state=CONNECTED, ok=true, version=ServerVersion{versionList=[4, 4, 5]}, minWireVersion=0, maxWireVersion=9, maxDocumentSize=16777216, logicalSessionTimeoutMinutes=30, roundTripTimeNanos=2179400}
2021-11-04 17:26:13.580 [] [main] [] INFO  org.hibernate.jpa.internal.util.LogHelper:? - HHH000204: Processing PersistenceUnitInfo [
	name: default
	...]
2021-11-04 17:26:13.626 [] [main] [] INFO  org.hibernate.Version:? - HHH000412: Hibernate Core {5.3.7.Final}
2021-11-04 17:26:13.627 [] [main] [] INFO  org.hibernate.cfg.Environment:? - HHH000206: hibernate.properties not found
2021-11-04 17:26:13.717 [] [main] [] INFO  org.hibernate.annotations.common.Version:? - HCANN000001: Hibernate Commons Annotations {5.0.4.Final}
2021-11-04 17:26:13.811 [] [main] [] INFO  org.hibernate.dialect.Dialect:? - HHH000400: Using dialect: org.hibernate.dialect.MySQLDialect
2021-11-04 17:26:15.724 [] [main] [] INFO  org.apache.coyote.http11.Http11NioProtocol:? - Starting ProtocolHandler ["http-nio-9000"]
2021-11-04 17:26:15.740 [] [main] [] INFO  zzgeek.ZzGeekBoot:? - Started ZzGeekBoot in 8.822 seconds (JVM running for 9.301)
2021-11-04 17:26:16.264 [] [RMI TCP Connection(3)-192.168.127.1] [] INFO  org.apache.catalina.core.ContainerBase.[Tomcat].[localhost].[/]:? - Initializing Spring DispatcherServlet 'dispatcherServlet'
2021-11-04 17:26:16.351 [] [RMI TCP Connection(5)-192.168.127.1] [] INFO  org.mongodb.driver.connection:? - Opened connection [connectionId{localValue:2, serverValue:5}] to 192.168.127.128:27017
2021-11-04 18:16:33.633 [] [Thread-27] [] INFO  org.mongodb.driver.connection:? - Closed connection [connectionId{localValue:2, serverValue:5}] to 192.168.127.128:27017 because the pool has been closed.
2021-11-04 18:21:41.705 [] [main] [] INFO  zzgeek.ZzGeekBoot:? - No active profile set, falling back to default profiles: default
2021-11-04 18:21:42.771 [] [main] [] INFO  org.apache.coyote.http11.Http11NioProtocol:? - Initializing ProtocolHandler ["http-nio-9000"]
2021-11-04 18:21:42.777 [] [main] [] INFO  org.apache.catalina.core.StandardService:? - Starting service [Tomcat]
2021-11-04 18:21:42.777 [] [main] [] INFO  org.apache.catalina.core.StandardEngine:? - Starting Servlet engine: [Apache Tomcat/9.0.16]
2021-11-04 18:21:42.781 [] [main] [] INFO  org.apache.catalina.core.AprLifecycleListener:? - The APR based Apache Tomcat Native library which allows optimal performance in production environments was not found on the java.library.path: [D:\program\jdk8\bin;C:\Windows\Sun\Java\bin;C:\Windows\system32;C:\Windows;C:\Program Files (x86)\Common Files\Intel\Shared Libraries\redist\intel64\compiler;C:\Windows\system32;C:\Windows;C:\Windows\System32\Wbem;C:\Windows\System32\WindowsPowerShell\v1.0\;C:\Windows\System32\OpenSSH\;D:\program\jdk8\bin;C:\Program Files (x86)\dotnet\;D:\program\git\Git\cmd;D:\program\yarn\bin\;D:\program\python3.10;D:\program\nodejs\;C:\ProgramData\chocolatey\bin;C:\Users\mark\AppData\Local\Microsoft\WindowsApps;D:\program\maven\bin;C:\Users\mark\AppData\Local\Yarn\bin;C:\Users\mark\AppData\Roaming\npm;.]
2021-11-04 18:21:42.867 [] [main] [] INFO  org.apache.catalina.core.ContainerBase.[Tomcat].[localhost].[/]:? - Initializing Spring embedded WebApplicationContext
2021-11-04 18:21:43.272 [] [main] [] INFO  org.mongodb.driver.cluster:? - Cluster created with settings {hosts=[192.168.127.128:27017], mode=SINGLE, requiredClusterType=UNKNOWN, serverSelectionTimeout='30000 ms', maxWaitQueueSize=500}
2021-11-04 18:21:43.334 [] [cluster-ClusterId{value='6183b4372267e523b4746156', description='null'}-192.168.127.128:27017] [] INFO  org.mongodb.driver.connection:? - Opened connection [connectionId{localValue:1, serverValue:1}] to 192.168.127.128:27017
2021-11-04 18:21:43.337 [] [cluster-ClusterId{value='6183b4372267e523b4746156', description='null'}-192.168.127.128:27017] [] INFO  org.mongodb.driver.cluster:? - Monitor thread successfully connected to server with description ServerDescription{address=192.168.127.128:27017, type=STANDALONE, state=CONNECTED, ok=true, version=ServerVersion{versionList=[4, 4, 5]}, minWireVersion=0, maxWireVersion=9, maxDocumentSize=16777216, logicalSessionTimeoutMinutes=30, roundTripTimeNanos=1884900}
2021-11-04 18:21:43.834 [] [main] [] INFO  org.hibernate.jpa.internal.util.LogHelper:? - HHH000204: Processing PersistenceUnitInfo [
	name: default
	...]
2021-11-04 18:21:43.893 [] [main] [] INFO  org.hibernate.Version:? - HHH000412: Hibernate Core {5.3.7.Final}
2021-11-04 18:21:43.894 [] [main] [] INFO  org.hibernate.cfg.Environment:? - HHH000206: hibernate.properties not found
2021-11-04 18:21:44.010 [] [main] [] INFO  org.hibernate.annotations.common.Version:? - HCANN000001: Hibernate Commons Annotations {5.0.4.Final}
2021-11-04 18:21:44.129 [] [main] [] INFO  org.hibernate.dialect.Dialect:? - HHH000400: Using dialect: org.hibernate.dialect.MySQLDialect
2021-11-04 18:21:46.130 [] [main] [] INFO  org.apache.coyote.http11.Http11NioProtocol:? - Starting ProtocolHandler ["http-nio-9000"]
2021-11-04 18:21:46.145 [] [main] [] INFO  zzgeek.ZzGeekBoot:? - Started ZzGeekBoot in 9.189 seconds (JVM running for 12.277)
2021-11-04 18:21:46.664 [] [RMI TCP Connection(2)-192.168.127.1] [] INFO  org.apache.catalina.core.ContainerBase.[Tomcat].[localhost].[/]:? - Initializing Spring DispatcherServlet 'dispatcherServlet'
2021-11-04 18:21:46.739 [] [RMI TCP Connection(1)-192.168.127.1] [] INFO  org.mongodb.driver.connection:? - Opened connection [connectionId{localValue:2, serverValue:2}] to 192.168.127.128:27017
2021-11-04 18:24:06.269 [] [Thread-29] [] INFO  org.mongodb.driver.connection:? - Closed connection [connectionId{localValue:2, serverValue:2}] to 192.168.127.128:27017 because the pool has been closed.
2021-11-04 18:32:33.964 [] [main] [] INFO  zzgeek.ZzGeekBoot:? - No active profile set, falling back to default profiles: default
2021-11-04 18:32:34.912 [] [main] [] INFO  org.apache.coyote.http11.Http11NioProtocol:? - Initializing ProtocolHandler ["http-nio-9000"]
2021-11-04 18:32:34.919 [] [main] [] INFO  org.apache.catalina.core.StandardService:? - Starting service [Tomcat]
2021-11-04 18:32:34.919 [] [main] [] INFO  org.apache.catalina.core.StandardEngine:? - Starting Servlet engine: [Apache Tomcat/9.0.16]
2021-11-04 18:32:34.923 [] [main] [] INFO  org.apache.catalina.core.AprLifecycleListener:? - The APR based Apache Tomcat Native library which allows optimal performance in production environments was not found on the java.library.path: [D:\program\jdk8\bin;C:\Windows\Sun\Java\bin;C:\Windows\system32;C:\Windows;C:\Program Files (x86)\Common Files\Intel\Shared Libraries\redist\intel64\compiler;C:\Windows\system32;C:\Windows;C:\Windows\System32\Wbem;C:\Windows\System32\WindowsPowerShell\v1.0\;C:\Windows\System32\OpenSSH\;D:\program\jdk8\bin;C:\Program Files (x86)\dotnet\;D:\program\git\Git\cmd;D:\program\yarn\bin\;D:\program\python3.10;D:\program\nodejs\;C:\ProgramData\chocolatey\bin;C:\Users\mark\AppData\Local\Microsoft\WindowsApps;D:\program\maven\bin;C:\Users\mark\AppData\Local\Yarn\bin;C:\Users\mark\AppData\Roaming\npm;.]
2021-11-04 18:32:35.001 [] [main] [] INFO  org.apache.catalina.core.ContainerBase.[Tomcat].[localhost].[/]:? - Initializing Spring embedded WebApplicationContext
2021-11-04 18:32:35.356 [] [main] [] INFO  org.mongodb.driver.cluster:? - Cluster created with settings {hosts=[192.168.127.128:27017], mode=SINGLE, requiredClusterType=UNKNOWN, serverSelectionTimeout='30000 ms', maxWaitQueueSize=500}
2021-11-04 18:32:55.382 [] [cluster-ClusterId{value='6183b6c32267e527cc62145d', description='null'}-192.168.127.128:27017] [] INFO  org.mongodb.driver.cluster:? - Exception in monitor thread while connecting to server 192.168.127.128:27017
com.mongodb.MongoSocketOpenException: Exception opening socket
	at com.mongodb.internal.connection.SocketStream.open(SocketStream.java:67)
	at com.mongodb.internal.connection.InternalStreamConnection.open(InternalStreamConnection.java:126)
	at com.mongodb.internal.connection.DefaultServerMonitor$ServerMonitorRunnable.run(DefaultServerMonitor.java:117)
	at java.lang.Thread.run(Thread.java:748)
Caused by: java.net.SocketTimeoutException: connect timed out
	at java.net.DualStackPlainSocketImpl.waitForConnect(Native Method)
	at java.net.DualStackPlainSocketImpl.socketConnect(DualStackPlainSocketImpl.java:81)
	at java.net.AbstractPlainSocketImpl.doConnect(AbstractPlainSocketImpl.java:476)
	at java.net.AbstractPlainSocketImpl.connectToAddress(AbstractPlainSocketImpl.java:218)
	at java.net.AbstractPlainSocketImpl.connect(AbstractPlainSocketImpl.java:200)
	at java.net.PlainSocketImpl.connect(PlainSocketImpl.java:162)
	at java.net.SocksSocketImpl.connect(SocksSocketImpl.java:394)
	at java.net.Socket.connect(Socket.java:606)
	at com.mongodb.internal.connection.SocketStreamHelper.initialize(SocketStreamHelper.java:64)
	at com.mongodb.internal.connection.SocketStream.open(SocketStream.java:62)
	... 3 common frames omitted
2021-11-04 18:33:58.944 [] [main] [] INFO  zzgeek.ZzGeekBoot:? - No active profile set, falling back to default profiles: default
2021-11-04 18:33:59.910 [] [main] [] INFO  org.apache.coyote.http11.Http11NioProtocol:? - Initializing ProtocolHandler ["http-nio-9000"]
2021-11-04 18:33:59.915 [] [main] [] INFO  org.apache.catalina.core.StandardService:? - Starting service [Tomcat]
2021-11-04 18:33:59.915 [] [main] [] INFO  org.apache.catalina.core.StandardEngine:? - Starting Servlet engine: [Apache Tomcat/9.0.16]
2021-11-04 18:33:59.920 [] [main] [] INFO  org.apache.catalina.core.AprLifecycleListener:? - The APR based Apache Tomcat Native library which allows optimal performance in production environments was not found on the java.library.path: [D:\program\jdk8\bin;C:\Windows\Sun\Java\bin;C:\Windows\system32;C:\Windows;C:\Program Files (x86)\Common Files\Intel\Shared Libraries\redist\intel64\compiler;C:\Windows\system32;C:\Windows;C:\Windows\System32\Wbem;C:\Windows\System32\WindowsPowerShell\v1.0\;C:\Windows\System32\OpenSSH\;D:\program\jdk8\bin;C:\Program Files (x86)\dotnet\;D:\program\git\Git\cmd;D:\program\yarn\bin\;D:\program\python3.10;D:\program\nodejs\;C:\ProgramData\chocolatey\bin;C:\Users\mark\AppData\Local\Microsoft\WindowsApps;D:\program\maven\bin;C:\Users\mark\AppData\Local\Yarn\bin;C:\Users\mark\AppData\Roaming\npm;.]
2021-11-04 18:33:59.992 [] [main] [] INFO  org.apache.catalina.core.ContainerBase.[Tomcat].[localhost].[/]:? - Initializing Spring embedded WebApplicationContext
2021-11-04 18:34:00.352 [] [main] [] INFO  org.mongodb.driver.cluster:? - Cluster created with settings {hosts=[localhost:27017], mode=SINGLE, requiredClusterType=UNKNOWN, serverSelectionTimeout='30000 ms', maxWaitQueueSize=500}
2021-11-04 18:34:02.413 [] [cluster-ClusterId{value='6183b7182267e52828572f0e', description='null'}-localhost:27017] [] INFO  org.mongodb.driver.cluster:? - Exception in monitor thread while connecting to server localhost:27017
com.mongodb.MongoSocketOpenException: Exception opening socket
	at com.mongodb.internal.connection.SocketStream.open(SocketStream.java:67)
	at com.mongodb.internal.connection.InternalStreamConnection.open(InternalStreamConnection.java:126)
	at com.mongodb.internal.connection.DefaultServerMonitor$ServerMonitorRunnable.run(DefaultServerMonitor.java:117)
	at java.lang.Thread.run(Thread.java:748)
Caused by: java.net.ConnectException: Connection refused: connect
	at java.net.DualStackPlainSocketImpl.waitForConnect(Native Method)
	at java.net.DualStackPlainSocketImpl.socketConnect(DualStackPlainSocketImpl.java:81)
	at java.net.AbstractPlainSocketImpl.doConnect(AbstractPlainSocketImpl.java:476)
	at java.net.AbstractPlainSocketImpl.connectToAddress(AbstractPlainSocketImpl.java:218)
	at java.net.AbstractPlainSocketImpl.connect(AbstractPlainSocketImpl.java:200)
	at java.net.PlainSocketImpl.connect(PlainSocketImpl.java:162)
	at java.net.SocksSocketImpl.connect(SocksSocketImpl.java:394)
	at java.net.Socket.connect(Socket.java:606)
	at com.mongodb.internal.connection.SocketStreamHelper.initialize(SocketStreamHelper.java:64)
	at com.mongodb.internal.connection.SocketStream.open(SocketStream.java:62)
	... 3 common frames omitted
2021-11-04 18:36:14.922 [] [main] [] INFO  org.hibernate.jpa.internal.util.LogHelper:? - HHH000204: Processing PersistenceUnitInfo [
	name: default
	...]
2021-11-04 18:36:14.968 [] [main] [] INFO  org.hibernate.Version:? - HHH000412: Hibernate Core {5.3.7.Final}
2021-11-04 18:36:14.969 [] [main] [] INFO  org.hibernate.cfg.Environment:? - HHH000206: hibernate.properties not found
2021-11-04 18:36:15.058 [] [main] [] INFO  org.hibernate.annotations.common.Version:? - HCANN000001: Hibernate Commons Annotations {5.0.4.Final}
2021-11-04 18:36:42.172 [] [main] [] WARN  org.hibernate.engine.jdbc.env.internal.JdbcEnvironmentInitiator:? - HHH000342: Could not obtain connection to query metadata : Cannot create PoolableConnectionFactory (Could not create connection to database server. Attempted reconnect 3 times. Giving up.)
2021-11-04 18:36:42.178 [] [main] [] INFO  org.hibernate.dialect.Dialect:? - HHH000400: Using dialect: org.hibernate.dialect.MySQLDialect
2021-11-04 18:36:42.191 [] [main] [] INFO  org.hibernate.engine.jdbc.env.internal.LobCreatorBuilderImpl:? - HHH000422: Disabling contextual LOB creation as connection was null
2021-11-04 18:37:50.983 [] [main] [] INFO  org.apache.coyote.http11.Http11NioProtocol:? - Starting ProtocolHandler ["http-nio-9000"]
2021-11-04 18:37:51.001 [] [main] [] INFO  zzgeek.ZzGeekBoot:? - Started ZzGeekBoot in 236.775 seconds (JVM running for 237.273)
2021-11-04 18:37:51.551 [] [RMI TCP Connection(13)-192.168.127.1] [] INFO  org.apache.catalina.core.ContainerBase.[Tomcat].[localhost].[/]:? - Initializing Spring DispatcherServlet 'dispatcherServlet'
2021-11-04 18:37:51.561 [] [RMI TCP Connection(14)-192.168.127.1] [] INFO  org.mongodb.driver.cluster:? - Cluster description not yet available. Waiting for 30000 ms before timing out
2021-11-04 18:39:15.300 [] [main] [] INFO  zzgeek.ZzGeekBoot:? - No active profile set, falling back to default profiles: default
2021-11-04 18:39:16.255 [] [main] [] INFO  org.apache.coyote.http11.Http11NioProtocol:? - Initializing ProtocolHandler ["http-nio-9000"]
2021-11-04 18:39:16.261 [] [main] [] INFO  org.apache.catalina.core.StandardService:? - Starting service [Tomcat]
2021-11-04 18:39:16.261 [] [main] [] INFO  org.apache.catalina.core.StandardEngine:? - Starting Servlet engine: [Apache Tomcat/9.0.16]
2021-11-04 18:39:16.265 [] [main] [] INFO  org.apache.catalina.core.AprLifecycleListener:? - The APR based Apache Tomcat Native library which allows optimal performance in production environments was not found on the java.library.path: [D:\program\jdk8\bin;C:\Windows\Sun\Java\bin;C:\Windows\system32;C:\Windows;C:\Program Files (x86)\Common Files\Intel\Shared Libraries\redist\intel64\compiler;C:\Windows\system32;C:\Windows;C:\Windows\System32\Wbem;C:\Windows\System32\WindowsPowerShell\v1.0\;C:\Windows\System32\OpenSSH\;D:\program\jdk8\bin;C:\Program Files (x86)\dotnet\;D:\program\git\Git\cmd;D:\program\yarn\bin\;D:\program\python3.10;D:\program\nodejs\;C:\ProgramData\chocolatey\bin;C:\Users\mark\AppData\Local\Microsoft\WindowsApps;D:\program\maven\bin;C:\Users\mark\AppData\Local\Yarn\bin;C:\Users\mark\AppData\Roaming\npm;.]
2021-11-04 18:39:16.341 [] [main] [] INFO  org.apache.catalina.core.ContainerBase.[Tomcat].[localhost].[/]:? - Initializing Spring embedded WebApplicationContext
2021-11-04 18:39:16.690 [] [main] [] INFO  org.mongodb.driver.cluster:? - Cluster created with settings {hosts=[192.168.127.128:27017], mode=SINGLE, requiredClusterType=UNKNOWN, serverSelectionTimeout='30000 ms', maxWaitQueueSize=500}
2021-11-04 18:39:16.732 [] [cluster-ClusterId{value='6183b8542267e51dc844a139', description='null'}-192.168.127.128:27017] [] INFO  org.mongodb.driver.connection:? - Opened connection [connectionId{localValue:1, serverValue:1}] to 192.168.127.128:27017
2021-11-04 18:39:16.737 [] [cluster-ClusterId{value='6183b8542267e51dc844a139', description='null'}-192.168.127.128:27017] [] INFO  org.mongodb.driver.cluster:? - Monitor thread successfully connected to server with description ServerDescription{address=192.168.127.128:27017, type=STANDALONE, state=CONNECTED, ok=true, version=ServerVersion{versionList=[4, 4, 5]}, minWireVersion=0, maxWireVersion=9, maxDocumentSize=16777216, logicalSessionTimeoutMinutes=30, roundTripTimeNanos=3523100}
2021-11-04 18:39:17.201 [] [main] [] INFO  org.hibernate.jpa.internal.util.LogHelper:? - HHH000204: Processing PersistenceUnitInfo [
	name: default
	...]
2021-11-04 18:39:17.246 [] [main] [] INFO  org.hibernate.Version:? - HHH000412: Hibernate Core {5.3.7.Final}
2021-11-04 18:39:17.247 [] [main] [] INFO  org.hibernate.cfg.Environment:? - HHH000206: hibernate.properties not found
2021-11-04 18:39:17.333 [] [main] [] INFO  org.hibernate.annotations.common.Version:? - HCANN000001: Hibernate Commons Annotations {5.0.4.Final}
2021-11-04 18:39:17.425 [] [main] [] INFO  org.hibernate.dialect.Dialect:? - HHH000400: Using dialect: org.hibernate.dialect.MySQLDialect
2021-11-04 18:39:19.335 [] [main] [] INFO  org.apache.coyote.http11.Http11NioProtocol:? - Starting ProtocolHandler ["http-nio-9000"]
2021-11-04 18:39:19.351 [] [main] [] INFO  zzgeek.ZzGeekBoot:? - Started ZzGeekBoot in 8.752 seconds (JVM running for 9.24)
2021-11-04 18:39:19.666 [] [RMI TCP Connection(2)-192.168.127.1] [] INFO  org.apache.catalina.core.ContainerBase.[Tomcat].[localhost].[/]:? - Initializing Spring DispatcherServlet 'dispatcherServlet'
2021-11-04 18:39:19.729 [] [RMI TCP Connection(1)-192.168.127.1] [] INFO  org.mongodb.driver.connection:? - Opened connection [connectionId{localValue:2, serverValue:2}] to 192.168.127.128:27017
2021-11-04 18:40:05.107 [] [Thread-26] [] INFO  org.mongodb.driver.connection:? - Closed connection [connectionId{localValue:2, serverValue:2}] to 192.168.127.128:27017 because the pool has been closed.
